mode: atomic
go.mills.io/bitcask/v2/api.go:22.26,22.42 1 0
go.mills.io/bitcask/v2/api.go:25.30,25.48 1 18
go.mills.io/bitcask/v2/api.go:28.30,28.51 1 0
go.mills.io/bitcask/v2/api.go:31.32,31.55 1 0
go.mills.io/bitcask/v2/api.go:34.32,34.71 1 0
go.mills.io/bitcask/v2/batch.go:17.60,22.2 1 3052
go.mills.io/bitcask/v2/batch.go:28.51,29.28 1 0
go.mills.io/bitcask/v2/batch.go:29.28,31.3 1 0
go.mills.io/bitcask/v2/batch.go:35.53,36.28 1 0
go.mills.io/bitcask/v2/batch.go:36.28,38.3 1 0
go.mills.io/bitcask/v2/batch.go:48.25,52.2 3 0
go.mills.io/bitcask/v2/batch.go:54.44,59.2 3 2280
go.mills.io/bitcask/v2/batch.go:61.57,69.2 5 6
go.mills.io/bitcask/v2/batch.go:71.67,72.19 1 2279
go.mills.io/bitcask/v2/batch.go:72.19,74.3 1 0
go.mills.io/bitcask/v2/batch.go:75.2,75.67 1 2279
go.mills.io/bitcask/v2/batch.go:75.67,77.3 1 1
go.mills.io/bitcask/v2/batch.go:78.2,78.73 1 2278
go.mills.io/bitcask/v2/batch.go:78.73,80.3 1 1
go.mills.io/bitcask/v2/batch.go:82.2,88.19 5 2277
go.mills.io/bitcask/v2/batch.go:91.52,97.27 2 3052
go.mills.io/bitcask/v2/batch.go:97.27,99.3 1 0
go.mills.io/bitcask/v2/batch.go:101.2,101.14 1 3052
go.mills.io/bitcask/v2/batch.go:104.49,108.28 3 2281
go.mills.io/bitcask/v2/batch.go:108.28,110.3 1 1
go.mills.io/bitcask/v2/batch.go:112.2,114.40 2 2280
go.mills.io/bitcask/v2/batch.go:114.40,115.41 1 2282
go.mills.io/bitcask/v2/batch.go:115.41,117.4 1 0
go.mills.io/bitcask/v2/batch.go:119.3,120.17 2 2282
go.mills.io/bitcask/v2/batch.go:120.17,122.4 1 0
go.mills.io/bitcask/v2/batch.go:124.3,124.26 1 2282
go.mills.io/bitcask/v2/batch.go:124.26,125.43 1 2
go.mills.io/bitcask/v2/batch.go:125.43,127.5 1 0
go.mills.io/bitcask/v2/batch.go:131.3,133.25 2 2282
go.mills.io/bitcask/v2/batch.go:133.25,134.61 1 2271
go.mills.io/bitcask/v2/batch.go:134.61,136.5 1 148
go.mills.io/bitcask/v2/batch.go:137.4,138.49 2 2271
go.mills.io/bitcask/v2/batch.go:139.9,140.61 1 11
go.mills.io/bitcask/v2/batch.go:140.61,142.5 1 4
go.mills.io/bitcask/v2/batch.go:143.4,143.43 1 11
go.mills.io/bitcask/v2/batch.go:147.2,147.12 1 2280
go.mills.io/bitcask/v2/bitcask.go:44.33,46.15 2 50
go.mills.io/bitcask/v2/bitcask.go:46.15,49.3 2 50
go.mills.io/bitcask/v2/bitcask.go:51.2,51.18 1 50
go.mills.io/bitcask/v2/bitcask.go:54.33,55.29 1 79
go.mills.io/bitcask/v2/bitcask.go:55.29,56.41 1 79
go.mills.io/bitcask/v2/bitcask.go:56.41,58.4 1 0
go.mills.io/bitcask/v2/bitcask.go:60.3,61.42 2 79
go.mills.io/bitcask/v2/bitcask.go:61.42,63.4 1 0
go.mills.io/bitcask/v2/bitcask.go:66.2,66.33 1 79
go.mills.io/bitcask/v2/bitcask.go:66.33,67.36 1 73
go.mills.io/bitcask/v2/bitcask.go:67.36,69.4 1 0
go.mills.io/bitcask/v2/bitcask.go:72.2,72.26 1 79
go.mills.io/bitcask/v2/bitcask.go:76.32,78.28 2 7
go.mills.io/bitcask/v2/bitcask.go:78.28,81.3 2 0
go.mills.io/bitcask/v2/bitcask.go:82.2,84.41 2 7
go.mills.io/bitcask/v2/bitcask.go:84.41,86.3 1 0
go.mills.io/bitcask/v2/bitcask.go:88.2,88.25 1 7
go.mills.io/bitcask/v2/bitcask.go:92.35,97.2 3 2
go.mills.io/bitcask/v2/bitcask.go:100.47,102.2 1 471
go.mills.io/bitcask/v2/bitcask.go:105.37,107.2 1 1
go.mills.io/bitcask/v2/bitcask.go:110.51,112.28 2 2276
go.mills.io/bitcask/v2/bitcask.go:112.28,115.3 2 1
go.mills.io/bitcask/v2/bitcask.go:116.2,121.43 4 2275
go.mills.io/bitcask/v2/bitcask.go:121.43,123.3 1 2
go.mills.io/bitcask/v2/bitcask.go:125.2,125.20 1 2273
go.mills.io/bitcask/v2/bitcask.go:129.41,133.39 3 6
go.mills.io/bitcask/v2/bitcask.go:133.39,135.3 1 0
go.mills.io/bitcask/v2/bitcask.go:137.2,137.20 1 6
go.mills.io/bitcask/v2/bitcask.go:143.59,145.2 1 293
go.mills.io/bitcask/v2/bitcask.go:151.64,153.2 1 3
go.mills.io/bitcask/v2/bitcask.go:156.29,161.2 3 2
go.mills.io/bitcask/v2/bitcask.go:166.50,168.2 1 1
go.mills.io/bitcask/v2/bitcask.go:170.60,177.12 5 1978
go.mills.io/bitcask/v2/bitcask.go:177.12,179.3 1 0
go.mills.io/bitcask/v2/bitcask.go:181.2,181.39 1 1978
go.mills.io/bitcask/v2/bitcask.go:181.39,183.3 1 0
go.mills.io/bitcask/v2/bitcask.go:183.8,185.3 1 1978
go.mills.io/bitcask/v2/bitcask.go:187.2,188.16 2 1978
go.mills.io/bitcask/v2/bitcask.go:188.16,190.3 1 0
go.mills.io/bitcask/v2/bitcask.go:192.2,193.28 2 1978
go.mills.io/bitcask/v2/bitcask.go:193.28,195.3 1 0
go.mills.io/bitcask/v2/bitcask.go:197.2,197.15 1 1978
go.mills.io/bitcask/v2/bitcask.go:200.39,202.44 2 2282
go.mills.io/bitcask/v2/bitcask.go:202.44,204.3 1 2272
go.mills.io/bitcask/v2/bitcask.go:206.2,207.16 2 10
go.mills.io/bitcask/v2/bitcask.go:207.16,209.3 1 0
go.mills.io/bitcask/v2/bitcask.go:211.2,219.16 3 10
go.mills.io/bitcask/v2/bitcask.go:219.16,221.3 1 0
go.mills.io/bitcask/v2/bitcask.go:223.2,232.16 4 10
go.mills.io/bitcask/v2/bitcask.go:232.16,234.3 1 0
go.mills.io/bitcask/v2/bitcask.go:235.2,237.12 2 10
go.mills.io/bitcask/v2/bitcask.go:241.44,242.42 1 29
go.mills.io/bitcask/v2/bitcask.go:242.42,244.3 1 0
go.mills.io/bitcask/v2/bitcask.go:246.2,253.16 3 29
go.mills.io/bitcask/v2/bitcask.go:253.16,255.3 1 0
go.mills.io/bitcask/v2/bitcask.go:257.2,258.12 2 29
go.mills.io/bitcask/v2/bitcask.go:262.48,270.16 3 29
go.mills.io/bitcask/v2/bitcask.go:270.16,272.3 1 0
go.mills.io/bitcask/v2/bitcask.go:273.2,274.12 2 29
go.mills.io/bitcask/v2/bitcask.go:279.47,286.16 2 97
go.mills.io/bitcask/v2/bitcask.go:286.16,288.3 1 1
go.mills.io/bitcask/v2/bitcask.go:289.2,290.16 2 96
go.mills.io/bitcask/v2/bitcask.go:290.16,292.3 1 0
go.mills.io/bitcask/v2/bitcask.go:294.2,300.16 2 96
go.mills.io/bitcask/v2/bitcask.go:300.16,302.3 1 0
go.mills.io/bitcask/v2/bitcask.go:304.2,308.12 4 96
go.mills.io/bitcask/v2/bitcask.go:314.33,317.28 2 181
go.mills.io/bitcask/v2/bitcask.go:317.28,320.3 2 0
go.mills.io/bitcask/v2/bitcask.go:322.2,322.17 1 181
go.mills.io/bitcask/v2/bitcask.go:322.17,325.3 2 152
go.mills.io/bitcask/v2/bitcask.go:327.2,329.15 3 29
go.mills.io/bitcask/v2/bitcask.go:329.15,331.3 1 29
go.mills.io/bitcask/v2/bitcask.go:332.2,334.16 3 29
go.mills.io/bitcask/v2/bitcask.go:334.16,337.3 2 0
go.mills.io/bitcask/v2/bitcask.go:338.2,339.29 2 29
go.mills.io/bitcask/v2/bitcask.go:339.29,341.3 1 59
go.mills.io/bitcask/v2/bitcask.go:342.2,343.16 2 29
go.mills.io/bitcask/v2/bitcask.go:343.16,346.3 2 0
go.mills.io/bitcask/v2/bitcask.go:347.2,352.16 4 29
go.mills.io/bitcask/v2/bitcask.go:352.16,354.3 1 0
go.mills.io/bitcask/v2/bitcask.go:355.2,359.16 3 29
go.mills.io/bitcask/v2/bitcask.go:359.16,361.3 1 0
go.mills.io/bitcask/v2/bitcask.go:366.2,366.63 1 29
go.mills.io/bitcask/v2/bitcask.go:366.63,368.54 1 1978
go.mills.io/bitcask/v2/bitcask.go:368.54,370.4 1 0
go.mills.io/bitcask/v2/bitcask.go:371.3,372.17 2 1978
go.mills.io/bitcask/v2/bitcask.go:372.17,374.4 1 0
go.mills.io/bitcask/v2/bitcask.go:376.3,376.47 1 1978
go.mills.io/bitcask/v2/bitcask.go:376.47,378.4 1 0
go.mills.io/bitcask/v2/bitcask.go:380.3,380.15 1 1978
go.mills.io/bitcask/v2/bitcask.go:383.2,383.36 1 29
go.mills.io/bitcask/v2/bitcask.go:383.36,385.3 1 0
go.mills.io/bitcask/v2/bitcask.go:388.2,390.33 3 29
go.mills.io/bitcask/v2/bitcask.go:390.33,392.3 1 0
go.mills.io/bitcask/v2/bitcask.go:395.2,396.16 2 29
go.mills.io/bitcask/v2/bitcask.go:396.16,398.3 1 0
go.mills.io/bitcask/v2/bitcask.go:399.2,399.29 1 29
go.mills.io/bitcask/v2/bitcask.go:399.29,400.46 1 233
go.mills.io/bitcask/v2/bitcask.go:400.46,401.12 1 58
go.mills.io/bitcask/v2/bitcask.go:403.3,404.17 2 175
go.mills.io/bitcask/v2/bitcask.go:404.17,406.4 1 0
go.mills.io/bitcask/v2/bitcask.go:408.3,408.65 1 175
go.mills.io/bitcask/v2/bitcask.go:408.65,409.12 1 29
go.mills.io/bitcask/v2/bitcask.go:411.3,412.17 2 146
go.mills.io/bitcask/v2/bitcask.go:412.17,414.4 1 0
go.mills.io/bitcask/v2/bitcask.go:418.2,419.16 2 29
go.mills.io/bitcask/v2/bitcask.go:419.16,421.3 1 0
go.mills.io/bitcask/v2/bitcask.go:422.2,422.29 1 29
go.mills.io/bitcask/v2/bitcask.go:422.29,424.30 1 145
go.mills.io/bitcask/v2/bitcask.go:424.30,425.12 1 29
go.mills.io/bitcask/v2/bitcask.go:427.3,431.17 2 116
go.mills.io/bitcask/v2/bitcask.go:431.17,433.4 1 0
go.mills.io/bitcask/v2/bitcask.go:435.2,438.24 2 29
go.mills.io/bitcask/v2/bitcask.go:444.55,452.33 3 73
go.mills.io/bitcask/v2/bitcask.go:452.33,454.17 2 11
go.mills.io/bitcask/v2/bitcask.go:454.17,456.4 1 2
go.mills.io/bitcask/v2/bitcask.go:457.8,459.3 1 62
go.mills.io/bitcask/v2/bitcask.go:461.2,461.30 1 71
go.mills.io/bitcask/v2/bitcask.go:461.30,462.34 1 39
go.mills.io/bitcask/v2/bitcask.go:462.34,464.4 1 1
go.mills.io/bitcask/v2/bitcask.go:467.2,467.55 1 70
go.mills.io/bitcask/v2/bitcask.go:467.55,469.3 1 1
go.mills.io/bitcask/v2/bitcask.go:471.2,472.16 2 69
go.mills.io/bitcask/v2/bitcask.go:472.16,474.3 1 0
go.mills.io/bitcask/v2/bitcask.go:476.2,487.16 3 69
go.mills.io/bitcask/v2/bitcask.go:487.16,489.3 1 0
go.mills.io/bitcask/v2/bitcask.go:491.2,491.9 1 69
go.mills.io/bitcask/v2/bitcask.go:491.9,492.24 1 3
go.mills.io/bitcask/v2/bitcask.go:492.24,494.4 1 1
go.mills.io/bitcask/v2/bitcask.go:496.3,496.41 1 2
go.mills.io/bitcask/v2/bitcask.go:496.41,498.4 1 0
go.mills.io/bitcask/v2/bitcask.go:499.3,499.17 1 2
go.mills.io/bitcask/v2/bitcask.go:502.2,502.45 1 66
go.mills.io/bitcask/v2/bitcask.go:502.45,504.3 1 0
go.mills.io/bitcask/v2/bitcask.go:506.2,506.22 1 66
go.mills.io/bitcask/v2/bitcask.go:506.22,507.57 1 66
go.mills.io/bitcask/v2/bitcask.go:507.57,509.4 1 0
go.mills.io/bitcask/v2/bitcask.go:511.2,511.41 1 66
go.mills.io/bitcask/v2/bitcask.go:511.41,513.3 1 1
go.mills.io/bitcask/v2/bitcask.go:515.2,515.16 1 65
go.mills.io/bitcask/v2/bitcask.go:519.33,519.50 1 145
go.mills.io/bitcask/v2/bitcask.go:523.45,524.28 1 1
go.mills.io/bitcask/v2/bitcask.go:524.28,525.61 1 1
go.mills.io/bitcask/v2/bitcask.go:525.61,527.4 1 0
go.mills.io/bitcask/v2/bitcask.go:529.2,529.56 1 1
go.mills.io/bitcask/v2/bitcask.go:533.39,535.2 1 79
go.mills.io/bitcask/v2/bitcask.go:538.40,540.2 1 86
go.mills.io/bitcask/v2/bitcask.go:542.163,544.16 2 97
go.mills.io/bitcask/v2/bitcask.go:544.16,546.3 1 0
go.mills.io/bitcask/v2/bitcask.go:548.2,549.16 2 97
go.mills.io/bitcask/v2/bitcask.go:549.16,551.3 1 1
go.mills.io/bitcask/v2/bitcask.go:553.2,554.25 2 96
go.mills.io/bitcask/v2/bitcask.go:554.25,561.17 2 65
go.mills.io/bitcask/v2/bitcask.go:561.17,563.4 1 0
go.mills.io/bitcask/v2/bitcask.go:566.2,566.18 1 96
go.mills.io/bitcask/v2/bitcask.go:566.18,568.3 1 36
go.mills.io/bitcask/v2/bitcask.go:569.2,569.8 1 96
go.mills.io/bitcask/v2/bitcask.go:572.74,575.31 3 64
go.mills.io/bitcask/v2/bitcask.go:575.31,578.3 2 4
go.mills.io/bitcask/v2/bitcask.go:579.2,579.38 1 64
go.mills.io/bitcask/v2/bitcask.go:579.38,581.3 1 0
go.mills.io/bitcask/v2/bitcask.go:582.2,582.12 1 64
go.mills.io/bitcask/v2/bitcask.go:587.112,589.16 2 96
go.mills.io/bitcask/v2/bitcask.go:589.16,591.3 1 64
go.mills.io/bitcask/v2/bitcask.go:592.2,592.31 1 32
go.mills.io/bitcask/v2/bitcask.go:592.31,594.3 1 0
go.mills.io/bitcask/v2/bitcask.go:595.2,595.15 1 32
go.mills.io/bitcask/v2/bitcask.go:598.105,602.37 3 64
go.mills.io/bitcask/v2/bitcask.go:602.37,604.17 2 4
go.mills.io/bitcask/v2/bitcask.go:604.17,606.4 1 0
go.mills.io/bitcask/v2/bitcask.go:609.2,609.8 1 64
go.mills.io/bitcask/v2/bitcask.go:612.114,614.6 2 4
go.mills.io/bitcask/v2/bitcask.go:614.6,616.17 2 7
go.mills.io/bitcask/v2/bitcask.go:616.17,617.21 1 4
go.mills.io/bitcask/v2/bitcask.go:617.21,618.10 1 4
go.mills.io/bitcask/v2/bitcask.go:620.4,620.17 1 0
go.mills.io/bitcask/v2/bitcask.go:624.3,624.24 1 3
go.mills.io/bitcask/v2/bitcask.go:624.24,627.12 3 1
go.mills.io/bitcask/v2/bitcask.go:629.3,631.14 3 2
go.mills.io/bitcask/v2/bitcask.go:633.2,633.15 1 4
go.mills.io/bitcask/v2/bitcask.go:636.60,637.56 1 69
go.mills.io/bitcask/v2/bitcask.go:637.56,640.3 2 63
go.mills.io/bitcask/v2/bitcask.go:641.2,641.56 1 6
go.mills.io/bitcask/v2/hash.go:8.39,10.2 1 1
go.mills.io/bitcask/v2/hash.go:24.50,26.2 1 3
go.mills.io/bitcask/v2/hash.go:29.57,31.31 2 0
go.mills.io/bitcask/v2/hash.go:31.31,33.17 2 0
go.mills.io/bitcask/v2/hash.go:33.17,35.4 1 0
go.mills.io/bitcask/v2/hash.go:36.3,36.31 1 0
go.mills.io/bitcask/v2/hash.go:38.2,38.20 1 0
go.mills.io/bitcask/v2/hash.go:42.52,45.47 3 0
go.mills.io/bitcask/v2/hash.go:45.47,47.17 2 0
go.mills.io/bitcask/v2/hash.go:47.17,49.4 1 0
go.mills.io/bitcask/v2/hash.go:50.3,51.13 2 0
go.mills.io/bitcask/v2/hash.go:53.2,53.19 1 0
go.mills.io/bitcask/v2/hash.go:57.47,59.2 1 3
go.mills.io/bitcask/v2/hash.go:62.44,63.42 1 3
go.mills.io/bitcask/v2/hash.go:63.42,65.3 1 0
go.mills.io/bitcask/v2/hash.go:67.2,67.37 1 3
go.mills.io/bitcask/v2/hash.go:67.37,69.58 2 3
go.mills.io/bitcask/v2/hash.go:69.58,71.4 1 0
go.mills.io/bitcask/v2/hash.go:73.2,73.34 1 3
go.mills.io/bitcask/v2/hash.go:77.47,78.31 1 0
go.mills.io/bitcask/v2/hash.go:78.31,79.56 1 0
go.mills.io/bitcask/v2/hash.go:79.56,81.4 1 0
go.mills.io/bitcask/v2/hash.go:84.2,85.47 2 0
go.mills.io/bitcask/v2/hash.go:85.47,87.3 1 0
go.mills.io/bitcask/v2/hash.go:91.29,93.47 2 0
go.mills.io/bitcask/v2/hash.go:93.47,95.3 1 0
go.mills.io/bitcask/v2/hash.go:96.2,96.16 1 0
go.mills.io/bitcask/v2/hash.go:96.16,98.3 1 0
go.mills.io/bitcask/v2/hash.go:99.2,99.32 1 0
go.mills.io/bitcask/v2/hash.go:103.32,105.2 1 3
go.mills.io/bitcask/v2/hash.go:108.46,110.2 1 6
go.mills.io/bitcask/v2/hash.go:113.37,115.2 1 6
go.mills.io/bitcask/v2/hash.go:118.51,121.2 2 0
go.mills.io/bitcask/v2/iterator.go:27.31,28.28 1 1
go.mills.io/bitcask/v2/iterator.go:28.28,30.3 1 1
go.mills.io/bitcask/v2/iterator.go:40.35,41.36 1 4
go.mills.io/bitcask/v2/iterator.go:41.36,43.3 1 2
go.mills.io/bitcask/v2/iterator.go:44.2,46.12 3 2
go.mills.io/bitcask/v2/iterator.go:49.43,55.21 2 20
go.mills.io/bitcask/v2/iterator.go:55.21,57.3 1 10
go.mills.io/bitcask/v2/iterator.go:57.8,59.3 1 10
go.mills.io/bitcask/v2/iterator.go:61.2,61.11 1 20
go.mills.io/bitcask/v2/iterator.go:61.11,64.3 2 2
go.mills.io/bitcask/v2/iterator.go:65.2,66.16 2 18
go.mills.io/bitcask/v2/iterator.go:66.16,69.3 2 0
go.mills.io/bitcask/v2/iterator.go:70.2,70.31 1 18
go.mills.io/bitcask/v2/iterator.go:73.59,74.21 1 0
go.mills.io/bitcask/v2/iterator.go:74.21,76.3 1 0
go.mills.io/bitcask/v2/iterator.go:76.8,78.3 1 0
go.mills.io/bitcask/v2/iterator.go:79.2,79.18 1 0
go.mills.io/bitcask/v2/iterator.go:83.61,85.27 2 2
go.mills.io/bitcask/v2/iterator.go:85.27,87.3 1 1
go.mills.io/bitcask/v2/iterator.go:88.2,88.21 1 2
go.mills.io/bitcask/v2/iterator.go:88.21,90.3 1 1
go.mills.io/bitcask/v2/iterator.go:90.8,92.3 1 1
go.mills.io/bitcask/v2/iterator.go:93.2,93.11 1 2
go.mills.io/bitcask/v2/list.go:8.39,10.2 1 1
go.mills.io/bitcask/v2/list.go:23.47,25.16 2 0
go.mills.io/bitcask/v2/list.go:25.16,27.3 1 0
go.mills.io/bitcask/v2/list.go:28.2,28.36 1 0
go.mills.io/bitcask/v2/list.go:34.91,35.47 1 0
go.mills.io/bitcask/v2/list.go:35.47,37.3 1 0
go.mills.io/bitcask/v2/list.go:38.2,39.16 2 0
go.mills.io/bitcask/v2/list.go:39.16,41.3 1 0
go.mills.io/bitcask/v2/list.go:42.2,42.16 1 0
go.mills.io/bitcask/v2/list.go:42.16,44.3 1 0
go.mills.io/bitcask/v2/list.go:45.2,49.43 5 0
go.mills.io/bitcask/v2/list.go:49.43,50.49 1 0
go.mills.io/bitcask/v2/list.go:50.49,52.18 2 0
go.mills.io/bitcask/v2/list.go:52.18,54.5 1 0
go.mills.io/bitcask/v2/list.go:55.4,56.37 2 0
go.mills.io/bitcask/v2/list.go:56.37,58.5 1 0
go.mills.io/bitcask/v2/list.go:59.4,60.14 2 0
go.mills.io/bitcask/v2/list.go:62.3,62.26 1 0
go.mills.io/bitcask/v2/list.go:64.2,64.29 1 0
go.mills.io/bitcask/v2/list.go:64.29,66.3 1 0
go.mills.io/bitcask/v2/list.go:67.2,67.12 1 0
go.mills.io/bitcask/v2/list.go:71.46,73.16 2 3
go.mills.io/bitcask/v2/list.go:73.16,75.3 1 0
go.mills.io/bitcask/v2/list.go:76.2,76.23 1 3
go.mills.io/bitcask/v2/list.go:76.23,77.51 1 1
go.mills.io/bitcask/v2/list.go:77.51,79.4 1 0
go.mills.io/bitcask/v2/list.go:81.2,81.29 1 3
go.mills.io/bitcask/v2/list.go:81.29,82.65 1 3
go.mills.io/bitcask/v2/list.go:82.65,84.4 1 0
go.mills.io/bitcask/v2/list.go:86.2,86.12 1 3
go.mills.io/bitcask/v2/list.go:90.38,92.16 2 0
go.mills.io/bitcask/v2/list.go:92.16,94.3 1 0
go.mills.io/bitcask/v2/list.go:96.2,97.15 2 0
go.mills.io/bitcask/v2/list.go:97.15,99.3 1 0
go.mills.io/bitcask/v2/list.go:99.8,99.21 1 0
go.mills.io/bitcask/v2/list.go:99.21,101.3 1 0
go.mills.io/bitcask/v2/list.go:103.2,106.16 3 0
go.mills.io/bitcask/v2/list.go:106.16,108.3 1 0
go.mills.io/bitcask/v2/list.go:109.2,109.46 1 0
go.mills.io/bitcask/v2/list.go:109.46,111.3 1 0
go.mills.io/bitcask/v2/list.go:112.2,112.15 1 0
go.mills.io/bitcask/v2/list.go:112.15,114.3 1 0
go.mills.io/bitcask/v2/list.go:116.2,116.17 1 0
go.mills.io/bitcask/v2/list.go:120.37,123.2 2 1
go.mills.io/bitcask/v2/list.go:125.51,127.16 2 4
go.mills.io/bitcask/v2/list.go:127.16,129.3 1 0
go.mills.io/bitcask/v2/list.go:130.2,131.16 2 4
go.mills.io/bitcask/v2/list.go:131.16,133.3 1 0
go.mills.io/bitcask/v2/list.go:134.2,134.25 1 4
go.mills.io/bitcask/v2/list.go:137.43,141.47 4 4
go.mills.io/bitcask/v2/list.go:141.47,142.35 1 3
go.mills.io/bitcask/v2/list.go:142.35,144.4 1 3
go.mills.io/bitcask/v2/list.go:145.3,145.26 1 3
go.mills.io/bitcask/v2/list.go:147.2,147.29 1 4
go.mills.io/bitcask/v2/list.go:147.29,149.3 1 3
go.mills.io/bitcask/v2/list.go:150.2,150.17 1 1
go.mills.io/bitcask/v2/list.go:153.44,156.47 3 4
go.mills.io/bitcask/v2/list.go:156.47,157.35 1 6
go.mills.io/bitcask/v2/list.go:157.35,159.4 1 6
go.mills.io/bitcask/v2/list.go:160.3,160.13 1 6
go.mills.io/bitcask/v2/list.go:162.2,162.17 1 4
go.mills.io/bitcask/v2/list.go:166.32,168.2 1 1
go.mills.io/bitcask/v2/list.go:171.35,173.2 1 20
go.mills.io/bitcask/v2/list.go:176.41,178.12 2 3
go.mills.io/bitcask/v2/list.go:178.12,180.3 1 3
go.mills.io/bitcask/v2/list.go:181.2,182.10 2 3
go.mills.io/bitcask/v2/list.go:186.45,189.2 2 9
go.mills.io/bitcask/v2/options.go:38.44,39.40 1 29
go.mills.io/bitcask/v2/options.go:39.40,49.3 9 29
go.mills.io/bitcask/v2/options.go:55.44,56.40 1 2
go.mills.io/bitcask/v2/options.go:56.40,59.3 2 2
go.mills.io/bitcask/v2/options.go:65.44,66.40 1 0
go.mills.io/bitcask/v2/options.go:66.40,69.3 2 0
go.mills.io/bitcask/v2/options.go:73.43,74.40 1 1
go.mills.io/bitcask/v2/options.go:74.40,77.3 2 1
go.mills.io/bitcask/v2/options.go:81.44,82.40 1 1
go.mills.io/bitcask/v2/options.go:82.40,85.3 2 1
go.mills.io/bitcask/v2/options.go:89.43,90.40 1 2
go.mills.io/bitcask/v2/options.go:90.40,93.3 2 2
go.mills.io/bitcask/v2/options.go:97.41,98.40 1 1
go.mills.io/bitcask/v2/options.go:98.40,101.3 2 1
go.mills.io/bitcask/v2/options.go:105.43,106.40 1 1
go.mills.io/bitcask/v2/options.go:106.40,109.3 2 1
go.mills.io/bitcask/v2/options.go:114.42,115.40 1 1
go.mills.io/bitcask/v2/options.go:115.40,118.3 2 1
go.mills.io/bitcask/v2/options.go:121.40,132.2 1 62
go.mills.io/bitcask/v2/score.go:14.34,17.11 2 5
go.mills.io/bitcask/v2/score.go:17.11,19.3 1 0
go.mills.io/bitcask/v2/score.go:19.8,21.3 1 5
go.mills.io/bitcask/v2/score.go:22.2,23.10 2 5
go.mills.io/bitcask/v2/score.go:27.34,29.2 1 1
go.mills.io/bitcask/v2/score.go:32.38,36.2 3 0
go.mills.io/bitcask/v2/score.go:39.38,41.2 1 0
go.mills.io/bitcask/v2/score.go:46.40,48.12 2 0
go.mills.io/bitcask/v2/score.go:48.12,50.3 1 0
go.mills.io/bitcask/v2/score.go:50.8,52.3 1 0
go.mills.io/bitcask/v2/score.go:53.2,53.10 1 0
go.mills.io/bitcask/v2/score.go:56.40,57.30 1 0
go.mills.io/bitcask/v2/score.go:57.30,59.3 1 0
go.mills.io/bitcask/v2/score.go:59.8,61.3 1 0
go.mills.io/bitcask/v2/score.go:62.2,62.32 1 0
go.mills.io/bitcask/v2/sortedset.go:9.49,11.2 1 1
go.mills.io/bitcask/v2/sortedset.go:24.62,26.31 2 1
go.mills.io/bitcask/v2/sortedset.go:26.31,28.3 1 0
go.mills.io/bitcask/v2/sortedset.go:29.2,30.32 2 1
go.mills.io/bitcask/v2/sortedset.go:30.32,34.42 4 3
go.mills.io/bitcask/v2/sortedset.go:34.42,36.4 1 0
go.mills.io/bitcask/v2/sortedset.go:38.3,38.22 1 3
go.mills.io/bitcask/v2/sortedset.go:38.22,40.51 2 0
go.mills.io/bitcask/v2/sortedset.go:40.51,42.5 1 0
go.mills.io/bitcask/v2/sortedset.go:43.9,45.4 1 3
go.mills.io/bitcask/v2/sortedset.go:46.3,46.52 1 3
go.mills.io/bitcask/v2/sortedset.go:46.52,48.4 1 0
go.mills.io/bitcask/v2/sortedset.go:49.3,49.59 1 3
go.mills.io/bitcask/v2/sortedset.go:49.59,51.4 1 0
go.mills.io/bitcask/v2/sortedset.go:53.2,53.50 1 1
go.mills.io/bitcask/v2/sortedset.go:53.50,55.3 1 0
go.mills.io/bitcask/v2/sortedset.go:56.2,56.19 1 1
go.mills.io/bitcask/v2/sortedset.go:60.57,62.16 2 1
go.mills.io/bitcask/v2/sortedset.go:62.16,64.3 1 0
go.mills.io/bitcask/v2/sortedset.go:65.2,65.26 1 1
go.mills.io/bitcask/v2/sortedset.go:69.60,71.33 2 0
go.mills.io/bitcask/v2/sortedset.go:71.33,73.17 2 0
go.mills.io/bitcask/v2/sortedset.go:73.17,75.4 1 0
go.mills.io/bitcask/v2/sortedset.go:76.3,76.19 1 0
go.mills.io/bitcask/v2/sortedset.go:76.19,77.12 1 0
go.mills.io/bitcask/v2/sortedset.go:79.3,79.64 1 0
go.mills.io/bitcask/v2/sortedset.go:79.64,81.4 1 0
go.mills.io/bitcask/v2/sortedset.go:82.3,82.58 1 0
go.mills.io/bitcask/v2/sortedset.go:82.58,84.4 1 0
go.mills.io/bitcask/v2/sortedset.go:85.3,85.12 1 0
go.mills.io/bitcask/v2/sortedset.go:88.2,90.47 3 0
go.mills.io/bitcask/v2/sortedset.go:90.47,91.36 1 0
go.mills.io/bitcask/v2/sortedset.go:91.36,92.50 1 0
go.mills.io/bitcask/v2/sortedset.go:92.50,94.5 1 0
go.mills.io/bitcask/v2/sortedset.go:96.3,96.26 1 0
go.mills.io/bitcask/v2/sortedset.go:98.2,98.29 1 0
go.mills.io/bitcask/v2/sortedset.go:98.29,100.3 1 0
go.mills.io/bitcask/v2/sortedset.go:101.2,101.21 1 0
go.mills.io/bitcask/v2/sortedset.go:106.107,111.50 5 1
go.mills.io/bitcask/v2/sortedset.go:111.50,114.17 3 3
go.mills.io/bitcask/v2/sortedset.go:114.17,117.4 2 0
go.mills.io/bitcask/v2/sortedset.go:118.3,118.40 1 3
go.mills.io/bitcask/v2/sortedset.go:118.40,121.4 2 0
go.mills.io/bitcask/v2/sortedset.go:122.3,123.13 2 3
go.mills.io/bitcask/v2/sortedset.go:125.2,125.29 1 1
go.mills.io/bitcask/v2/sortedset.go:125.29,127.3 1 1
go.mills.io/bitcask/v2/sortedset.go:128.2,128.12 1 0
go.mills.io/bitcask/v2/sortedset.go:132.37,134.2 1 1
go.mills.io/bitcask/v2/sortedset.go:137.40,139.2 1 12
go.mills.io/bitcask/v2/sortedset.go:142.53,144.2 1 4
go.mills.io/bitcask/v2/sortedset.go:147.54,148.18 1 2
go.mills.io/bitcask/v2/sortedset.go:148.18,150.3 1 0
go.mills.io/bitcask/v2/sortedset.go:151.2,151.70 1 2
go.mills.io/bitcask/v2/sortedset.go:155.59,157.2 1 3
go.mills.io/bitcask/v2/sortedset.go:160.76,163.21 3 3
go.mills.io/bitcask/v2/sortedset.go:163.21,165.3 1 0
go.mills.io/bitcask/v2/sortedset.go:166.2,166.32 1 3
go.mills.io/bitcask/v2/sortedset.go:170.70,173.2 2 0
go.mills.io/bitcask/v2/stats.go:15.52,16.60 1 12
go.mills.io/bitcask/v2/stats.go:16.60,18.3 1 1
go.mills.io/bitcask/v2/stats.go:20.2,24.8 4 11
go.mills.io/bitcask/v2/transaction.go:20.72,25.2 1 3051
go.mills.io/bitcask/v2/transaction.go:31.63,32.30 1 0
go.mills.io/bitcask/v2/transaction.go:32.30,34.3 1 0
go.mills.io/bitcask/v2/transaction.go:38.65,39.30 1 0
go.mills.io/bitcask/v2/transaction.go:39.30,41.3 1 0
go.mills.io/bitcask/v2/transaction.go:54.34,54.35 0 2282
go.mills.io/bitcask/v2/transaction.go:56.38,58.2 1 2280
go.mills.io/bitcask/v2/transaction.go:60.41,63.2 2 1
go.mills.io/bitcask/v2/transaction.go:65.51,67.16 2 473
go.mills.io/bitcask/v2/transaction.go:67.16,69.3 1 9
go.mills.io/bitcask/v2/transaction.go:70.2,70.21 1 464
go.mills.io/bitcask/v2/transaction.go:73.63,78.12 3 473
go.mills.io/bitcask/v2/transaction.go:78.12,80.3 1 9
go.mills.io/bitcask/v2/transaction.go:82.2,82.21 1 464
go.mills.io/bitcask/v2/transaction.go:83.26,84.17 1 2
go.mills.io/bitcask/v2/transaction.go:85.27,86.18 1 452
go.mills.io/bitcask/v2/transaction.go:87.10,88.32 1 10
go.mills.io/bitcask/v2/transaction.go:91.2,92.16 2 464
go.mills.io/bitcask/v2/transaction.go:92.16,94.3 1 0
go.mills.io/bitcask/v2/transaction.go:96.2,97.28 2 464
go.mills.io/bitcask/v2/transaction.go:97.28,99.3 1 0
go.mills.io/bitcask/v2/transaction.go:101.2,101.15 1 464
go.mills.io/bitcask/v2/transaction.go:104.45,106.16 2 6
go.mills.io/bitcask/v2/transaction.go:106.16,108.3 1 0
go.mills.io/bitcask/v2/transaction.go:110.2,111.16 2 6
go.mills.io/bitcask/v2/transaction.go:111.16,113.3 1 0
go.mills.io/bitcask/v2/transaction.go:115.2,117.12 2 6
go.mills.io/bitcask/v2/transaction.go:120.55,122.16 2 2277
go.mills.io/bitcask/v2/transaction.go:122.16,124.3 1 2
go.mills.io/bitcask/v2/transaction.go:126.2,127.16 2 2275
go.mills.io/bitcask/v2/transaction.go:127.16,129.3 1 0
go.mills.io/bitcask/v2/transaction.go:131.2,135.12 3 2275
go.mills.io/bitcask/v2/transaction.go:138.54,139.63 1 1
go.mills.io/bitcask/v2/transaction.go:139.63,140.31 1 1
go.mills.io/bitcask/v2/transaction.go:140.31,142.4 1 0
go.mills.io/bitcask/v2/transaction.go:143.3,143.15 1 1
go.mills.io/bitcask/v2/transaction.go:146.2,146.8 1 1
go.mills.io/bitcask/v2/transaction.go:149.65,151.27 2 0
go.mills.io/bitcask/v2/transaction.go:151.27,153.3 1 0
go.mills.io/bitcask/v2/transaction.go:154.2,154.21 1 0
go.mills.io/bitcask/v2/transaction.go:154.21,156.3 1 0
go.mills.io/bitcask/v2/transaction.go:156.8,158.3 1 0
go.mills.io/bitcask/v2/transaction.go:159.2,159.11 1 0
go.mills.io/bitcask/v2/transaction.go:162.72,163.36 1 3
go.mills.io/bitcask/v2/transaction.go:163.36,165.3 1 1
go.mills.io/bitcask/v2/transaction.go:167.2,168.25 2 2
go.mills.io/bitcask/v2/transaction.go:168.25,170.3 1 0
go.mills.io/bitcask/v2/transaction.go:172.2,174.83 2 2
go.mills.io/bitcask/v2/transaction.go:174.83,175.69 1 11
go.mills.io/bitcask/v2/transaction.go:175.69,176.32 1 8
go.mills.io/bitcask/v2/transaction.go:176.32,178.5 1 0
go.mills.io/bitcask/v2/transaction.go:179.4,179.16 1 8
go.mills.io/bitcask/v2/transaction.go:180.9,180.75 1 3
go.mills.io/bitcask/v2/transaction.go:180.75,182.4 1 1
go.mills.io/bitcask/v2/transaction.go:183.3,183.15 1 2
go.mills.io/bitcask/v2/transaction.go:185.2,185.8 1 2
go.mills.io/bitcask/v2/transaction.go:188.63,189.77 1 293
go.mills.io/bitcask/v2/transaction.go:189.77,191.20 1 21312
go.mills.io/bitcask/v2/transaction.go:191.20,193.4 1 0
go.mills.io/bitcask/v2/transaction.go:195.3,195.31 1 21312
go.mills.io/bitcask/v2/transaction.go:195.31,197.4 1 3
go.mills.io/bitcask/v2/transaction.go:198.3,198.15 1 21309
go.mills.io/bitcask/v2/transaction.go:200.2,200.8 1 293
go.mills.io/bitcask/v2/transaction.go:203.70,221.27 7 3051
go.mills.io/bitcask/v2/transaction.go:221.27,223.3 1 0
go.mills.io/bitcask/v2/transaction.go:225.2,225.12 1 3051
go.mills.io/bitcask/v2/util.go:41.38,42.17 1 0
go.mills.io/bitcask/v2/util.go:43.11,44.18 1 0
go.mills.io/bitcask/v2/util.go:45.11,46.16 1 0
go.mills.io/bitcask/v2/util.go:47.11,48.16 1 0
go.mills.io/bitcask/v2/util.go:49.11,50.21 1 0
go.mills.io/bitcask/v2/util.go:51.10,52.12 1 0
go.mills.io/bitcask/v2/util.go:56.47,58.2 1 5
go.mills.io/bitcask/v2/util.go:60.34,62.35 2 0
go.mills.io/bitcask/v2/util.go:62.35,64.3 1 0
go.mills.io/bitcask/v2/util.go:64.8,64.42 1 0
go.mills.io/bitcask/v2/util.go:64.42,66.3 1 0
go.mills.io/bitcask/v2/util.go:66.8,66.44 1 0
go.mills.io/bitcask/v2/util.go:66.44,68.3 1 0
go.mills.io/bitcask/v2/util.go:68.8,68.42 1 0
go.mills.io/bitcask/v2/util.go:68.42,70.3 1 0
go.mills.io/bitcask/v2/util.go:71.2,71.12 1 0
go.mills.io/bitcask/v2/util.go:75.31,79.2 3 3
go.mills.io/bitcask/v2/util.go:82.31,84.2 1 9
